Warn[ld_taskrichang找不到文件]: ../美术/【乱斗】图片分类/res/activity10.png
other:
Warn[ld_equiptn找不到文件]: ../美术/【乱斗】图片分类/*/1152.png
Warn[ld_pet找不到文件]: ../美术/【乱斗】图片分类/*/116.png
Warn[ld_touxiang找不到文件]: ../美术/【乱斗】图片分类/res/12.png
Warn[ld_chip找不到文件]: ../美术/【乱斗】图片分类/*/121.png
Warn[ld_pet找不到文件]: ../美术/【乱斗】图片分类/*/131.png
Warn[ld_pet找不到文件]: ../美术/【乱斗】图片分类/*/134.png
Warn[ld_touxiang找不到文件]: ../美术/【乱斗】图片分类/res/15.png
Warn[ld_touxiang找不到文件]: ../美术/【乱斗】图片分类/res/18.png
Warn[ld_chip找不到文件]: ../美术/【乱斗】图片分类/*/201.png
Warn[ld_chip找不到文件]: ../美术/【乱斗】图片分类/*/202.png
Warn[ld_chip找不到文件]: ../美术/【乱斗】图片分类/*/203.png
Warn[ld_chip找不到文件]: ../美术/【乱斗】图片分类/*/204.png
Warn[ld_chip找不到文件]: ../美术/【乱斗】图片分类/*/205.png
Warn[ld_touxiang找不到文件]: ../美术/【乱斗】图片分类/res/206.png
Warn[ld_chip找不到文件]: ../美术/【乱斗】图片分类/*/207.png
Warn[ld_chip找不到文件]: ../美术/【乱斗】图片分类/*/208.png
Warn[ld_chip找不到文件]: ../美术/【乱斗】图片分类/*/209.png
Warn[ld_chip找不到文件]: ../美术/【乱斗】图片分类/*/210.png
Warn[ld_touxiang找不到文件]: ../美术/【乱斗】图片分类/res/211.png
Warn[ld_chip找不到文件]: ../美术/【乱斗】图片分类/*/212.png
Warn[ld_chip找不到文件]: ../美术/【乱斗】图片分类/*/213.png
Warn[ld_chip找不到文件]: ../美术/【乱斗】图片分类/*/214.png
Warn[ld_touxiang找不到文件]: ../美术/【乱斗】图片分类/res/215.png
Warn[ld_chip找不到文件]: ../美术/【乱斗】图片分类/*/216.png
Warn[ld_chip找不到文件]: ../美术/【乱斗】图片分类/*/217.png
Warn[ld_chip找不到文件]: ../美术/【乱斗】图片分类/*/218.png
Warn[ld_chip找不到文件]: ../美术/【乱斗】图片分类/*/219.png
Warn[ld_chip找不到文件]: ../美术/【乱斗】图片分类/*/220.png
Warn[ld_chip找不到文件]: ../美术/【乱斗】图片分类/*/221.png
Warn[ld_chip找不到文件]: ../美术/【乱斗】图片分类/*/222.png
Warn[ld_chip找不到文件]: ../美术/【乱斗】图片分类/*/223.png
Warn[ld_chip找不到文件]: ../美术/【乱斗】图片分类/*/224.png
Warn[ld_chip找不到文件]: ../美术/【乱斗】图片分类/*/225.png
Warn[ld_chip找不到文件]: ../美术/【乱斗】图片分类/*/226.png
Warn[ld_chip找不到文件]: ../美术/【乱斗】图片分类/*/227.png
Warn[ld_chip找不到文件]: ../美术/【乱斗】图片分类/*/228.png
Warn[ld_chip找不到文件]: ../美术/【乱斗】图片分类/*/229.png
Warn[ld_chip找不到文件]: ../美术/【乱斗】图片分类/*/230.png
Warn[ld_chip找不到文件]: ../美术/【乱斗】图片分类/*/231.png
Warn[ld_chip找不到文件]: ../美术/【乱斗】图片分类/*/232.png
Warn[ld_chip找不到文件]: ../美术/【乱斗】图片分类/*/233.png
Warn[ld_chip找不到文件]: ../美术/【乱斗】图片分类/*/234.png
Warn[ld_chip找不到文件]: ../美术/【乱斗】图片分类/*/235.png
Warn[ld_chip找不到文件]: ../美术/【乱斗】图片分类/*/236.png
Warn[ld_touxiang找不到文件]: ../美术/【乱斗】图片分类/res/237.png
Warn[ld_chip找不到文件]: ../美术/【乱斗】图片分类/*/238.png
Warn[ld_chip找不到文件]: ../美术/【乱斗】图片分类/*/239.png
Warn[ld_chip找不到文件]: ../美术/【乱斗】图片分类/*/240.png
Warn[ld_chip找不到文件]: ../美术/【乱斗】图片分类/*/241.png
Warn[ld_chip找不到文件]: ../美术/【乱斗】图片分类/*/242.png
Warn[ld_chip找不到文件]: ../美术/【乱斗】图片分类/*/243.png
Warn[ld_chip找不到文件]: ../美术/【乱斗】图片分类/*/244.png
Warn[ld_chip找不到文件]: ../美术/【乱斗】图片分类/*/245.png
Warn[ld_chip找不到文件]: ../美术/【乱斗】图片分类/*/246.png
Warn[ld_chip找不到文件]: ../美术/【乱斗】图片分类/*/247.png
Warn[ld_chip找不到文件]: ../美术/【乱斗】图片分类/*/248.png
Warn[ld_chip找不到文件]: ../美术/【乱斗】图片分类/*/249.png
Warn[ld_chip找不到文件]: ../美术/【乱斗】图片分类/*/250.png
Warn[ld_chip找不到文件]: ../美术/【乱斗】图片分类/*/251.png
Warn[ld_chip找不到文件]: ../美术/【乱斗】图片分类/*/252.png
Warn[ld_chip找不到文件]: ../美术/【乱斗】图片分类/*/253.png
Warn[ld_chip找不到文件]: ../美术/【乱斗】图片分类/*/254.png
Warn[ld_chip找不到文件]: ../美术/【乱斗】图片分类/*/255.png
Warn[ld_chip找不到文件]: ../美术/【乱斗】图片分类/*/256.png
Warn[ld_chip找不到文件]: ../美术/【乱斗】图片分类/*/257.png
Warn[ld_chip找不到文件]: ../美术/【乱斗】图片分类/*/258.png
Warn[ld_chip找不到文件]: ../美术/【乱斗】图片分类/*/259.png
Warn[ld_chip找不到文件]: ../美术/【乱斗】图片分类/*/260.png
Warn[ld_chip找不到文件]: ../美术/【乱斗】图片分类/*/261.png
Warn[ld_chip找不到文件]: ../美术/【乱斗】图片分类/*/262.png
Warn[ld_chip找不到文件]: ../美术/【乱斗】图片分类/*/264.png
Warn[ld_touxiang找不到文件]: ../美术/【乱斗】图片分类/res/29.png
Warn[ld_touxiang找不到文件]: ../美术/【乱斗】图片分类/res/3.png
Warn[ld_touxiang找不到文件]: ../美术/【乱斗】图片分类/res/323.png
Warn[ld_touxiang找不到文件]: ../美术/【乱斗】图片分类/res/33.png
Warn[ld_touxiang找不到文件]: ../美术/【乱斗】图片分类/res/36.png
Warn[ld_pet找不到文件]: ../美术/【乱斗】图片分类/*/382.png
Warn[ld_pet找不到文件]: ../美术/【乱斗】图片分类/*/383.png
Warn[ld_pet找不到文件]: ../美术/【乱斗】图片分类/*/384.png
Warn[ld_pet找不到文件]: ../美术/【乱斗】图片分类/*/385.png
Warn[ld_pet找不到文件]: ../美术/【乱斗】图片分类/*/386.png
Warn[ld_pet找不到文件]: ../美术/【乱斗】图片分类/*/387.png
Warn[ld_pet找不到文件]: ../美术/【乱斗】图片分类/*/388.png
Warn[ld_pet找不到文件]: ../美术/【乱斗】图片分类/*/389.png
Warn[ld_chip找不到文件]: ../美术/【乱斗】图片分类/*/390.png
Warn[ld_chip找不到文件]: ../美术/【乱斗】图片分类/*/391.png
Warn[ld_chip找不到文件]: ../美术/【乱斗】图片分类/*/392.png
Warn[ld_chip找不到文件]: ../美术/【乱斗】图片分类/*/393.png
Warn[ld_pet找不到文件]: ../美术/【乱斗】图片分类/*/394.png
Warn[ld_touxiang找不到文件]: ../美术/【乱斗】图片分类/res/43.png
Warn[ld_touxiang找不到文件]: ../美术/【乱斗】图片分类/res/44.png
Warn[ld_touxiang找不到文件]: ../美术/【乱斗】图片分类/res/45.png